<?xml version="1.0" encoding="UTF-8"?>
<!-- Generated by org.testng.reporters.JUnitXMLReporter -->
<testsuite ignored="1" hostname="MSI" failures="1" tests="2" name="Test" time="24.913" errors="0" timestamp="2024-07-18T14:35:03 PDT">
  <testcase classname="testCases.TC_001_AccountRegistrationTest" name="verify_account_registration" time="2.663"/>
  <testcase classname="testCases.TC_002_LoginTest" name="verify_login" time="11.689">
    <failure type="java.lang.AssertionError" message="expected [true] but found [false]">
      <![CDATA[java.lang.AssertionError: expected [true] but found [false]
at testCases.TC_002_LoginTest.verify_login(TC_002_LoginTest.java:35)
at java.base/java.util.ArrayList.forEach(ArrayList.java:1597)
... Removed 29 stack frames]]>
    </failure>
  </testcase> <!-- verify_login -->
  <testcase classname="testCases.TC_003_LoginDTT" name="verify_loginDTT" time="0.0">
    <ignored/>
  </testcase> <!-- verify_loginDTT -->
</testsuite> <!-- Test -->
